(0.000) 
                SELECT VERSION(),
                       @@sql_mode,
                       @@default_storage_engine,
                       @@sql_auto_is_null,
                       @@lower_case_table_names,
                       CONVERT_TZ('2001-01-01 01:00:00', 'UTC', 'UTC') IS NOT NULL
            ; args=None; alias=default
(0.000) SET SESSION TRANSACTION ISOLATION LEVEL READ COMMITTED; args=None; alias=default
(0.000) SELECT `django_celery_results_taskresult`.`id`, `django_celery_results_taskresult`.`task_id`, `django_celery_results_taskresult`.`periodic_task_name`, `django_celery_results_taskresult`.`task_name`, `django_celery_results_taskresult`.`task_args`, `django_celery_results_taskresult`.`task_kwargs`, `django_celery_results_taskresult`.`status`, `django_celery_results_taskresult`.`worker`, `django_celery_results_taskresult`.`content_type`, `django_celery_results_taskresult`.`content_encoding`, `django_celery_results_taskresult`.`result`, `django_celery_results_taskresult`.`date_created`, `django_celery_results_taskresult`.`date_done`, `django_celery_results_taskresult`.`traceback`, `django_celery_results_taskresult`.`meta` FROM `django_celery_results_taskresult` WHERE `django_celery_results_taskresult`.`task_id` = 'c5b7dfa3-6d7d-4584-951c-322a73306990' LIMIT 21; args=('c5b7dfa3-6d7d-4584-951c-322a73306990',); alias=default
(0.000) BEGIN; args=None; alias=default
(0.000) INSERT INTO `django_celery_results_taskresult` (`task_id`, `periodic_task_name`, `task_name`, `task_args`, `task_kwargs`, `status`, `worker`, `content_type`, `content_encoding`, `result`, `date_created`, `date_done`, `traceback`, `meta`) VALUES ('c5b7dfa3-6d7d-4584-951c-322a73306990', NULL, NULL, NULL, NULL, 'SUCCESS', NULL, 'application/json', 'utf-8', 'null', '2024-08-14 16:39:22.034709', '2024-08-14 16:39:22.034709', NULL, '{\"children\": []}'); args=['c5b7dfa3-6d7d-4584-951c-322a73306990', None, None, None, None, 'SUCCESS', None, 'application/json', 'utf-8', 'null', '2024-08-14 16:39:22.034709', '2024-08-14 16:39:22.034709', None, '{"children": []}']; alias=default
(0.000) COMMIT; args=None; alias=default
(0.016) 
                SELECT VERSION(),
                       @@sql_mode,
                       @@default_storage_engine,
                       @@sql_auto_is_null,
                       @@lower_case_table_names,
                       CONVERT_TZ('2001-01-01 01:00:00', 'UTC', 'UTC') IS NOT NULL
            ; args=None; alias=default
(0.000) SET SESSION TRANSACTION ISOLATION LEVEL READ COMMITTED; args=None; alias=default
(0.000) SELECT `django_celery_results_taskresult`.`id`, `django_celery_results_taskresult`.`task_id`, `django_celery_results_taskresult`.`periodic_task_name`, `django_celery_results_taskresult`.`task_name`, `django_celery_results_taskresult`.`task_args`, `django_celery_results_taskresult`.`task_kwargs`, `django_celery_results_taskresult`.`status`, `django_celery_results_taskresult`.`worker`, `django_celery_results_taskresult`.`content_type`, `django_celery_results_taskresult`.`content_encoding`, `django_celery_results_taskresult`.`result`, `django_celery_results_taskresult`.`date_created`, `django_celery_results_taskresult`.`date_done`, `django_celery_results_taskresult`.`traceback`, `django_celery_results_taskresult`.`meta` FROM `django_celery_results_taskresult` WHERE `django_celery_results_taskresult`.`task_id` = '590d79dc-4e90-4934-8663-192782d7f515' LIMIT 21; args=('590d79dc-4e90-4934-8663-192782d7f515',); alias=default
(0.000) BEGIN; args=None; alias=default
(0.000) INSERT INTO `django_celery_results_taskresult` (`task_id`, `periodic_task_name`, `task_name`, `task_args`, `task_kwargs`, `status`, `worker`, `content_type`, `content_encoding`, `result`, `date_created`, `date_done`, `traceback`, `meta`) VALUES ('590d79dc-4e90-4934-8663-192782d7f515', NULL, NULL, NULL, NULL, 'SUCCESS', NULL, 'application/json', 'utf-8', 'null', '2024-08-14 16:44:35.903784', '2024-08-14 16:44:35.903784', NULL, '{\"children\": []}'); args=['590d79dc-4e90-4934-8663-192782d7f515', None, None, None, None, 'SUCCESS', None, 'application/json', 'utf-8', 'null', '2024-08-14 16:44:35.903784', '2024-08-14 16:44:35.903784', None, '{"children": []}']; alias=default
(0.000) COMMIT; args=None; alias=default
(0.000) 
                SELECT VERSION(),
                       @@sql_mode,
                       @@default_storage_engine,
                       @@sql_auto_is_null,
                       @@lower_case_table_names,
                       CONVERT_TZ('2001-01-01 01:00:00', 'UTC', 'UTC') IS NOT NULL
            ; args=None; alias=default
(0.000) SET SESSION TRANSACTION ISOLATION LEVEL READ COMMITTED; args=None; alias=default
(0.000) SELECT `app_user`.`id`, `app_user`.`first_name`, `app_user`.`last_name`, `app_user`.`email`, `app_user`.`phone`, `app_user`.`username`, `app_user`.`password`, `app_user`.`creation_time`, `app_user`.`modification_time` FROM `app_user` WHERE `app_user`.`email` = 'j77shi@uwaterloo.ca' LIMIT 21; args=('j77shi@uwaterloo.ca',); alias=default
(0.000) SELECT `app_item`.`id`, `app_item`.`name`, `app_item`.`venue_id`, `app_item`.`creation_time`, `app_item`.`modification_time` FROM `app_item` WHERE `app_item`.`id` = 1 LIMIT 21; args=(1,); alias=default
(0.000) SELECT `app_venue`.`id`, `app_venue`.`name`, `app_venue`.`status`, `app_venue`.`creation_time`, `app_venue`.`modification_time` FROM `app_venue` WHERE `app_venue`.`id` = 1 LIMIT 21; args=(1,); alias=default
(0.000) SELECT `app_itemcourt`.`id`, `app_itemcourt`.`name`, `app_itemcourt`.`item_id`, `app_itemcourt`.`nature`, `app_itemcourt`.`creation_time`, `app_itemcourt`.`modification_time` FROM `app_itemcourt` WHERE (`app_itemcourt`.`item_id` = 1 AND `app_itemcourt`.`name` = 'Court 5') LIMIT 21; args=(1, 'Court 5'); alias=default
(0.000) SELECT `app_item`.`id`, `app_item`.`name`, `app_item`.`venue_id`, `app_item`.`creation_time`, `app_item`.`modification_time` FROM `app_item` WHERE `app_item`.`id` = 1 LIMIT 21; args=(1,); alias=default
(0.000) SELECT `app_itemtime`.`id`, `app_itemtime`.`item_court_id`, `app_itemtime`.`start_time`, `app_itemtime`.`end_time`, `app_itemtime`.`creation_time`, `app_itemtime`.`modification_time` FROM `app_itemtime` WHERE (`app_itemtime`.`end_time` = '18:00:00.000000' AND `app_itemtime`.`item_court_id` = 5 AND `app_itemtime`.`start_time` = '17:00:00.000000') LIMIT 21; args=('18:00:00.000000', 5, '17:00:00.000000'); alias=default
(0.000) SELECT `app_itemcourt`.`id`, `app_itemcourt`.`name`, `app_itemcourt`.`item_id`, `app_itemcourt`.`nature`, `app_itemcourt`.`creation_time`, `app_itemcourt`.`modification_time` FROM `app_itemcourt` WHERE `app_itemcourt`.`id` = 5 LIMIT 21; args=(5,); alias=default
(0.000) BEGIN; args=None; alias=default
(0.000) SELECT `app_itemorder`.`id`, `app_itemorder`.`item_time_id`, `app_itemorder`.`user_id`, `app_itemorder`.`money`, `app_itemorder`.`flag`, `app_itemorder`.`date`, `app_itemorder`.`status`, `app_itemorder`.`creation_time`, `app_itemorder`.`modification_time` FROM `app_itemorder` WHERE (`app_itemorder`.`date` = '2024-08-14' AND `app_itemorder`.`item_time_id` = 65) LIMIT 21 FOR UPDATE; args=('2024-08-14', 65); alias=default
(0.000) UPDATE `app_itemorder` SET `user_id` = 1, `money` = 26.75, `flag` = 1, `date` = '2024-08-14', `status` = 0, `creation_time` = '2024-08-13 03:29:18.727736', `modification_time` = '2024-08-14 16:44:54.971328' WHERE `app_itemorder`.`id` = 11831; args=(1, Decimal('26.75'), 1, '2024-08-14', False, '2024-08-13 03:29:18.727736', '2024-08-14 16:44:54.971328', 11831); alias=default
(0.000) COMMIT; args=None; alias=default
(0.000) SELECT `app_itemtime`.`id`, `app_itemtime`.`item_court_id`, `app_itemtime`.`start_time`, `app_itemtime`.`end_time`, `app_itemtime`.`creation_time`, `app_itemtime`.`modification_time` FROM `app_itemtime` WHERE `app_itemtime`.`id` = 65 LIMIT 21; args=(65,); alias=default
(0.000) SELECT `app_itemcourt`.`id`, `app_itemcourt`.`name`, `app_itemcourt`.`item_id`, `app_itemcourt`.`nature`, `app_itemcourt`.`creation_time`, `app_itemcourt`.`modification_time` FROM `app_itemcourt` WHERE `app_itemcourt`.`id` = 5 LIMIT 21; args=(5,); alias=default
(0.000) SELECT `app_item`.`id`, `app_item`.`name`, `app_item`.`venue_id`, `app_item`.`creation_time`, `app_item`.`modification_time` FROM `app_item` WHERE `app_item`.`id` = 1 LIMIT 21; args=(1,); alias=default
(0.000) SELECT `app_venue`.`id`, `app_venue`.`name`, `app_venue`.`status`, `app_venue`.`creation_time`, `app_venue`.`modification_time` FROM `app_venue` WHERE `app_venue`.`id` = 1 LIMIT 21; args=(1,); alias=default
(0.000) SELECT `app_itemcourt`.`id`, `app_itemcourt`.`name`, `app_itemcourt`.`item_id`, `app_itemcourt`.`nature`, `app_itemcourt`.`creation_time`, `app_itemcourt`.`modification_time` FROM `app_itemcourt` WHERE (`app_itemcourt`.`item_id` = 1 AND `app_itemcourt`.`name` = 'Court 5') LIMIT 21; args=(1, 'Court 5'); alias=default
(0.000) SELECT `app_item`.`id`, `app_item`.`name`, `app_item`.`venue_id`, `app_item`.`creation_time`, `app_item`.`modification_time` FROM `app_item` WHERE `app_item`.`id` = 1 LIMIT 21; args=(1,); alias=default
(0.000) SELECT `app_itemtime`.`id`, `app_itemtime`.`item_court_id`, `app_itemtime`.`start_time`, `app_itemtime`.`end_time`, `app_itemtime`.`creation_time`, `app_itemtime`.`modification_time` FROM `app_itemtime` WHERE (`app_itemtime`.`end_time` = '19:00:00.000000' AND `app_itemtime`.`item_court_id` = 5 AND `app_itemtime`.`start_time` = '18:00:00.000000') LIMIT 21; args=('19:00:00.000000', 5, '18:00:00.000000'); alias=default
(0.000) SELECT `app_itemcourt`.`id`, `app_itemcourt`.`name`, `app_itemcourt`.`item_id`, `app_itemcourt`.`nature`, `app_itemcourt`.`creation_time`, `app_itemcourt`.`modification_time` FROM `app_itemcourt` WHERE `app_itemcourt`.`id` = 5 LIMIT 21; args=(5,); alias=default
(0.000) BEGIN; args=None; alias=default
(0.000) SELECT `app_itemorder`.`id`, `app_itemorder`.`item_time_id`, `app_itemorder`.`user_id`, `app_itemorder`.`money`, `app_itemorder`.`flag`, `app_itemorder`.`date`, `app_itemorder`.`status`, `app_itemorder`.`creation_time`, `app_itemorder`.`modification_time` FROM `app_itemorder` WHERE (`app_itemorder`.`date` = '2024-08-14' AND `app_itemorder`.`item_time_id` = 66) LIMIT 21 FOR UPDATE; args=('2024-08-14', 66); alias=default
(0.000) UPDATE `app_itemorder` SET `user_id` = 1, `money` = 30.00, `flag` = 1, `date` = '2024-08-14', `status` = 0, `creation_time` = '2024-08-13 03:29:18.727736', `modification_time` = '2024-08-14 16:44:54.991584' WHERE `app_itemorder`.`id` = 11840; args=(1, Decimal('30.00'), 1, '2024-08-14', False, '2024-08-13 03:29:18.727736', '2024-08-14 16:44:54.991584', 11840); alias=default
(0.016) COMMIT; args=None; alias=default
(0.000) SELECT `app_itemtime`.`id`, `app_itemtime`.`item_court_id`, `app_itemtime`.`start_time`, `app_itemtime`.`end_time`, `app_itemtime`.`creation_time`, `app_itemtime`.`modification_time` FROM `app_itemtime` WHERE `app_itemtime`.`id` = 66 LIMIT 21; args=(66,); alias=default
(0.000) SELECT `app_itemcourt`.`id`, `app_itemcourt`.`name`, `app_itemcourt`.`item_id`, `app_itemcourt`.`nature`, `app_itemcourt`.`creation_time`, `app_itemcourt`.`modification_time` FROM `app_itemcourt` WHERE `app_itemcourt`.`id` = 5 LIMIT 21; args=(5,); alias=default
(0.000) 
                SELECT VERSION(),
                       @@sql_mode,
                       @@default_storage_engine,
                       @@sql_auto_is_null,
                       @@lower_case_table_names,
                       CONVERT_TZ('2001-01-01 01:00:00', 'UTC', 'UTC') IS NOT NULL
            ; args=None; alias=default
(0.000) SET SESSION TRANSACTION ISOLATION LEVEL READ COMMITTED; args=None; alias=default
(0.000) SELECT `django_celery_results_taskresult`.`id`, `django_celery_results_taskresult`.`task_id`, `django_celery_results_taskresult`.`periodic_task_name`, `django_celery_results_taskresult`.`task_name`, `django_celery_results_taskresult`.`task_args`, `django_celery_results_taskresult`.`task_kwargs`, `django_celery_results_taskresult`.`status`, `django_celery_results_taskresult`.`worker`, `django_celery_results_taskresult`.`content_type`, `django_celery_results_taskresult`.`content_encoding`, `django_celery_results_taskresult`.`result`, `django_celery_results_taskresult`.`date_created`, `django_celery_results_taskresult`.`date_done`, `django_celery_results_taskresult`.`traceback`, `django_celery_results_taskresult`.`meta` FROM `django_celery_results_taskresult` WHERE `django_celery_results_taskresult`.`task_id` = '2d1de9fa-30d5-4ce3-9082-a9a6580c5abc' LIMIT 21; args=('2d1de9fa-30d5-4ce3-9082-a9a6580c5abc',); alias=default
(0.000) BEGIN; args=None; alias=default
(0.000) INSERT INTO `django_celery_results_taskresult` (`task_id`, `periodic_task_name`, `task_name`, `task_args`, `task_kwargs`, `status`, `worker`, `content_type`, `content_encoding`, `result`, `date_created`, `date_done`, `traceback`, `meta`) VALUES ('2d1de9fa-30d5-4ce3-9082-a9a6580c5abc', NULL, NULL, NULL, NULL, 'SUCCESS', NULL, 'application/json', 'utf-8', 'null', '2024-08-14 16:44:55.083756', '2024-08-14 16:44:55.083756', NULL, '{\"children\": []}'); args=['2d1de9fa-30d5-4ce3-9082-a9a6580c5abc', None, None, None, None, 'SUCCESS', None, 'application/json', 'utf-8', 'null', '2024-08-14 16:44:55.083756', '2024-08-14 16:44:55.083756', None, '{"children": []}']; alias=default
(0.015) COMMIT; args=None; alias=default
(0.000) SELECT `django_celery_results_taskresult`.`id`, `django_celery_results_taskresult`.`task_id`, `django_celery_results_taskresult`.`periodic_task_name`, `django_celery_results_taskresult`.`task_name`, `django_celery_results_taskresult`.`task_args`, `django_celery_results_taskresult`.`task_kwargs`, `django_celery_results_taskresult`.`status`, `django_celery_results_taskresult`.`worker`, `django_celery_results_taskresult`.`content_type`, `django_celery_results_taskresult`.`content_encoding`, `django_celery_results_taskresult`.`result`, `django_celery_results_taskresult`.`date_created`, `django_celery_results_taskresult`.`date_done`, `django_celery_results_taskresult`.`traceback`, `django_celery_results_taskresult`.`meta` FROM `django_celery_results_taskresult` WHERE `django_celery_results_taskresult`.`task_id` = 'dbe4f646-5ced-44dd-8dd3-462bbaf45f9d' LIMIT 21; args=('dbe4f646-5ced-44dd-8dd3-462bbaf45f9d',); alias=default
(0.000) BEGIN; args=None; alias=default
(0.000) INSERT INTO `django_celery_results_taskresult` (`task_id`, `periodic_task_name`, `task_name`, `task_args`, `task_kwargs`, `status`, `worker`, `content_type`, `content_encoding`, `result`, `date_created`, `date_done`, `traceback`, `meta`) VALUES ('dbe4f646-5ced-44dd-8dd3-462bbaf45f9d', NULL, NULL, NULL, NULL, 'SUCCESS', NULL, 'application/json', 'utf-8', 'null', '2024-08-14 16:44:56.738262', '2024-08-14 16:44:56.738262', NULL, '{\"children\": []}'); args=['dbe4f646-5ced-44dd-8dd3-462bbaf45f9d', None, None, None, None, 'SUCCESS', None, 'application/json', 'utf-8', 'null', '2024-08-14 16:44:56.738262', '2024-08-14 16:44:56.738262', None, '{"children": []}']; alias=default
(0.016) COMMIT; args=None; alias=default
(0.000) 
                SELECT VERSION(),
                       @@sql_mode,
                       @@default_storage_engine,
                       @@sql_auto_is_null,
                       @@lower_case_table_names,
                       CONVERT_TZ('2001-01-01 01:00:00', 'UTC', 'UTC') IS NOT NULL
            ; args=None; alias=default
(0.016) SET SESSION TRANSACTION ISOLATION LEVEL READ COMMITTED; args=None; alias=default
(0.000) SELECT `django_celery_results_taskresult`.`id`, `django_celery_results_taskresult`.`task_id`, `django_celery_results_taskresult`.`periodic_task_name`, `django_celery_results_taskresult`.`task_name`, `django_celery_results_taskresult`.`task_args`, `django_celery_results_taskresult`.`task_kwargs`, `django_celery_results_taskresult`.`status`, `django_celery_results_taskresult`.`worker`, `django_celery_results_taskresult`.`content_type`, `django_celery_results_taskresult`.`content_encoding`, `django_celery_results_taskresult`.`result`, `django_celery_results_taskresult`.`date_created`, `django_celery_results_taskresult`.`date_done`, `django_celery_results_taskresult`.`traceback`, `django_celery_results_taskresult`.`meta` FROM `django_celery_results_taskresult` WHERE `django_celery_results_taskresult`.`task_id` = 'c4ff3fee-8378-4124-99c7-ddbe39178dd6' LIMIT 21; args=('c4ff3fee-8378-4124-99c7-ddbe39178dd6',); alias=default
(0.000) BEGIN; args=None; alias=default
(0.000) INSERT INTO `django_celery_results_taskresult` (`task_id`, `periodic_task_name`, `task_name`, `task_args`, `task_kwargs`, `status`, `worker`, `content_type`, `content_encoding`, `result`, `date_created`, `date_done`, `traceback`, `meta`) VALUES ('c4ff3fee-8378-4124-99c7-ddbe39178dd6', NULL, NULL, NULL, NULL, 'SUCCESS', NULL, 'application/json', 'utf-8', 'null', '2024-08-14 16:44:57.573949', '2024-08-14 16:44:57.573949', NULL, '{\"children\": []}'); args=['c4ff3fee-8378-4124-99c7-ddbe39178dd6', None, None, None, None, 'SUCCESS', None, 'application/json', 'utf-8', 'null', '2024-08-14 16:44:57.573949', '2024-08-14 16:44:57.573949', None, '{"children": []}']; alias=default
(0.000) COMMIT; args=None; alias=default
(0.016) 
                SELECT VERSION(),
                       @@sql_mode,
                       @@default_storage_engine,
                       @@sql_auto_is_null,
                       @@lower_case_table_names,
                       CONVERT_TZ('2001-01-01 01:00:00', 'UTC', 'UTC') IS NOT NULL
            ; args=None; alias=default
(0.000) SET SESSION TRANSACTION ISOLATION LEVEL READ COMMITTED; args=None; alias=default
(0.000) SELECT `app_user`.`id`, `app_user`.`first_name`, `app_user`.`last_name`, `app_user`.`email`, `app_user`.`phone`, `app_user`.`username`, `app_user`.`password`, `app_user`.`creation_time`, `app_user`.`modification_time` FROM `app_user` WHERE `app_user`.`email` = 'j77shi@uwaterloo.ca' LIMIT 21; args=('j77shi@uwaterloo.ca',); alias=default
(0.000) SELECT `app_item`.`id`, `app_item`.`name`, `app_item`.`venue_id`, `app_item`.`creation_time`, `app_item`.`modification_time` FROM `app_item` WHERE `app_item`.`id` = 1 LIMIT 21; args=(1,); alias=default
(0.000) SELECT `app_venue`.`id`, `app_venue`.`name`, `app_venue`.`status`, `app_venue`.`creation_time`, `app_venue`.`modification_time` FROM `app_venue` WHERE `app_venue`.`id` = 1 LIMIT 21; args=(1,); alias=default
(0.000) SELECT `app_itemcourt`.`id`, `app_itemcourt`.`name`, `app_itemcourt`.`item_id`, `app_itemcourt`.`nature`, `app_itemcourt`.`creation_time`, `app_itemcourt`.`modification_time` FROM `app_itemcourt` WHERE (`app_itemcourt`.`item_id` = 1 AND `app_itemcourt`.`name` = 'Court 4') LIMIT 21; args=(1, 'Court 4'); alias=default
(0.000) SELECT `app_item`.`id`, `app_item`.`name`, `app_item`.`venue_id`, `app_item`.`creation_time`, `app_item`.`modification_time` FROM `app_item` WHERE `app_item`.`id` = 1 LIMIT 21; args=(1,); alias=default
(0.000) SELECT `app_itemtime`.`id`, `app_itemtime`.`item_court_id`, `app_itemtime`.`start_time`, `app_itemtime`.`end_time`, `app_itemtime`.`creation_time`, `app_itemtime`.`modification_time` FROM `app_itemtime` WHERE (`app_itemtime`.`end_time` = '21:00:00.000000' AND `app_itemtime`.`item_court_id` = 4 AND `app_itemtime`.`start_time` = '20:00:00.000000') LIMIT 21; args=('21:00:00.000000', 4, '20:00:00.000000'); alias=default
(0.000) SELECT `app_itemcourt`.`id`, `app_itemcourt`.`name`, `app_itemcourt`.`item_id`, `app_itemcourt`.`nature`, `app_itemcourt`.`creation_time`, `app_itemcourt`.`modification_time` FROM `app_itemcourt` WHERE `app_itemcourt`.`id` = 4 LIMIT 21; args=(4,); alias=default
(0.000) BEGIN; args=None; alias=default
(0.016) SELECT `app_itemorder`.`id`, `app_itemorder`.`item_time_id`, `app_itemorder`.`user_id`, `app_itemorder`.`money`, `app_itemorder`.`flag`, `app_itemorder`.`date`, `app_itemorder`.`status`, `app_itemorder`.`creation_time`, `app_itemorder`.`modification_time` FROM `app_itemorder` WHERE (`app_itemorder`.`date` = '2024-08-14' AND `app_itemorder`.`item_time_id` = 54) LIMIT 21 FOR UPDATE; args=('2024-08-14', 54); alias=default
(0.000) UPDATE `app_itemorder` SET `user_id` = 1, `money` = 30.00, `flag` = 1, `date` = '2024-08-14', `status` = 0, `creation_time` = '2024-08-13 03:29:18.729427', `modification_time` = '2024-08-14 16:45:08.355187' WHERE `app_itemorder`.`id` = 11857; args=(1, Decimal('30.00'), 1, '2024-08-14', False, '2024-08-13 03:29:18.729427', '2024-08-14 16:45:08.355187', 11857); alias=default
(0.000) COMMIT; args=None; alias=default
(0.000) SELECT `app_itemtime`.`id`, `app_itemtime`.`item_court_id`, `app_itemtime`.`start_time`, `app_itemtime`.`end_time`, `app_itemtime`.`creation_time`, `app_itemtime`.`modification_time` FROM `app_itemtime` WHERE `app_itemtime`.`id` = 54 LIMIT 21; args=(54,); alias=default
(0.000) SELECT `app_itemcourt`.`id`, `app_itemcourt`.`name`, `app_itemcourt`.`item_id`, `app_itemcourt`.`nature`, `app_itemcourt`.`creation_time`, `app_itemcourt`.`modification_time` FROM `app_itemcourt` WHERE `app_itemcourt`.`id` = 4 LIMIT 21; args=(4,); alias=default
(0.000) SELECT `app_item`.`id`, `app_item`.`name`, `app_item`.`venue_id`, `app_item`.`creation_time`, `app_item`.`modification_time` FROM `app_item` WHERE `app_item`.`id` = 1 LIMIT 21; args=(1,); alias=default
(0.000) SELECT `app_venue`.`id`, `app_venue`.`name`, `app_venue`.`status`, `app_venue`.`creation_time`, `app_venue`.`modification_time` FROM `app_venue` WHERE `app_venue`.`id` = 1 LIMIT 21; args=(1,); alias=default
(0.000) SELECT `app_itemcourt`.`id`, `app_itemcourt`.`name`, `app_itemcourt`.`item_id`, `app_itemcourt`.`nature`, `app_itemcourt`.`creation_time`, `app_itemcourt`.`modification_time` FROM `app_itemcourt` WHERE (`app_itemcourt`.`item_id` = 1 AND `app_itemcourt`.`name` = 'Court 4') LIMIT 21; args=(1, 'Court 4'); alias=default
(0.000) SELECT `app_item`.`id`, `app_item`.`name`, `app_item`.`venue_id`, `app_item`.`creation_time`, `app_item`.`modification_time` FROM `app_item` WHERE `app_item`.`id` = 1 LIMIT 21; args=(1,); alias=default
(0.000) SELECT `app_itemtime`.`id`, `app_itemtime`.`item_court_id`, `app_itemtime`.`start_time`, `app_itemtime`.`end_time`, `app_itemtime`.`creation_time`, `app_itemtime`.`modification_time` FROM `app_itemtime` WHERE (`app_itemtime`.`end_time` = '18:00:00.000000' AND `app_itemtime`.`item_court_id` = 4 AND `app_itemtime`.`start_time` = '17:00:00.000000') LIMIT 21; args=('18:00:00.000000', 4, '17:00:00.000000'); alias=default
(0.016) SELECT `app_itemcourt`.`id`, `app_itemcourt`.`name`, `app_itemcourt`.`item_id`, `app_itemcourt`.`nature`, `app_itemcourt`.`creation_time`, `app_itemcourt`.`modification_time` FROM `app_itemcourt` WHERE `app_itemcourt`.`id` = 4 LIMIT 21; args=(4,); alias=default
(0.000) BEGIN; args=None; alias=default
(0.000) SELECT `app_itemorder`.`id`, `app_itemorder`.`item_time_id`, `app_itemorder`.`user_id`, `app_itemorder`.`money`, `app_itemorder`.`flag`, `app_itemorder`.`date`, `app_itemorder`.`status`, `app_itemorder`.`creation_time`, `app_itemorder`.`modification_time` FROM `app_itemorder` WHERE (`app_itemorder`.`date` = '2024-08-14' AND `app_itemorder`.`item_time_id` = 51) LIMIT 21 FOR UPDATE; args=('2024-08-14', 51); alias=default
(0.000) UPDATE `app_itemorder` SET `user_id` = 1, `money` = 26.75, `flag` = 1, `date` = '2024-08-14', `status` = 0, `creation_time` = '2024-08-13 03:29:18.727736', `modification_time` = '2024-08-14 16:45:08.408888' WHERE `app_itemorder`.`id` = 11830; args=(1, Decimal('26.75'), 1, '2024-08-14', False, '2024-08-13 03:29:18.727736', '2024-08-14 16:45:08.408888', 11830); alias=default
(0.015) COMMIT; args=None; alias=default
(0.000) SELECT `app_itemtime`.`id`, `app_itemtime`.`item_court_id`, `app_itemtime`.`start_time`, `app_itemtime`.`end_time`, `app_itemtime`.`creation_time`, `app_itemtime`.`modification_time` FROM `app_itemtime` WHERE `app_itemtime`.`id` = 51 LIMIT 21; args=(51,); alias=default
(0.000) SELECT `app_itemcourt`.`id`, `app_itemcourt`.`name`, `app_itemcourt`.`item_id`, `app_itemcourt`.`nature`, `app_itemcourt`.`creation_time`, `app_itemcourt`.`modification_time` FROM `app_itemcourt` WHERE `app_itemcourt`.`id` = 4 LIMIT 21; args=(4,); alias=default
(0.000) SELECT `app_item`.`id`, `app_item`.`name`, `app_item`.`venue_id`, `app_item`.`creation_time`, `app_item`.`modification_time` FROM `app_item` WHERE `app_item`.`id` = 1 LIMIT 21; args=(1,); alias=default
(0.000) SELECT `app_venue`.`id`, `app_venue`.`name`, `app_venue`.`status`, `app_venue`.`creation_time`, `app_venue`.`modification_time` FROM `app_venue` WHERE `app_venue`.`id` = 1 LIMIT 21; args=(1,); alias=default
(0.000) SELECT `app_itemcourt`.`id`, `app_itemcourt`.`name`, `app_itemcourt`.`item_id`, `app_itemcourt`.`nature`, `app_itemcourt`.`creation_time`, `app_itemcourt`.`modification_time` FROM `app_itemcourt` WHERE (`app_itemcourt`.`item_id` = 1 AND `app_itemcourt`.`name` = 'Court 3') LIMIT 21; args=(1, 'Court 3'); alias=default
(0.000) SELECT `app_item`.`id`, `app_item`.`name`, `app_item`.`venue_id`, `app_item`.`creation_time`, `app_item`.`modification_time` FROM `app_item` WHERE `app_item`.`id` = 1 LIMIT 21; args=(1,); alias=default
(0.000) SELECT `app_itemtime`.`id`, `app_itemtime`.`item_court_id`, `app_itemtime`.`start_time`, `app_itemtime`.`end_time`, `app_itemtime`.`creation_time`, `app_itemtime`.`modification_time` FROM `app_itemtime` WHERE (`app_itemtime`.`end_time` = '18:00:00.000000' AND `app_itemtime`.`item_court_id` = 3 AND `app_itemtime`.`start_time` = '17:00:00.000000') LIMIT 21; args=('18:00:00.000000', 3, '17:00:00.000000'); alias=default
(0.000) SELECT `app_itemcourt`.`id`, `app_itemcourt`.`name`, `app_itemcourt`.`item_id`, `app_itemcourt`.`nature`, `app_itemcourt`.`creation_time`, `app_itemcourt`.`modification_time` FROM `app_itemcourt` WHERE `app_itemcourt`.`id` = 3 LIMIT 21; args=(3,); alias=default
(0.000) BEGIN; args=None; alias=default
(0.000) SELECT `app_itemorder`.`id`, `app_itemorder`.`item_time_id`, `app_itemorder`.`user_id`, `app_itemorder`.`money`, `app_itemorder`.`flag`, `app_itemorder`.`date`, `app_itemorder`.`status`, `app_itemorder`.`creation_time`, `app_itemorder`.`modification_time` FROM `app_itemorder` WHERE (`app_itemorder`.`date` = '2024-08-14' AND `app_itemorder`.`item_time_id` = 37) LIMIT 21 FOR UPDATE; args=('2024-08-14', 37); alias=default
(0.000) UPDATE `app_itemorder` SET `user_id` = 1, `money` = 26.75, `flag` = 1, `date` = '2024-08-14', `status` = 0, `creation_time` = '2024-08-13 03:29:18.727736', `modification_time` = '2024-08-14 16:45:08.462434' WHERE `app_itemorder`.`id` = 11829; args=(1, Decimal('26.75'), 1, '2024-08-14', False, '2024-08-13 03:29:18.727736', '2024-08-14 16:45:08.462434', 11829); alias=default
(0.000) COMMIT; args=None; alias=default
(0.000) SELECT `app_itemtime`.`id`, `app_itemtime`.`item_court_id`, `app_itemtime`.`start_time`, `app_itemtime`.`end_time`, `app_itemtime`.`creation_time`, `app_itemtime`.`modification_time` FROM `app_itemtime` WHERE `app_itemtime`.`id` = 37 LIMIT 21; args=(37,); alias=default
(0.000) SELECT `app_itemcourt`.`id`, `app_itemcourt`.`name`, `app_itemcourt`.`item_id`, `app_itemcourt`.`nature`, `app_itemcourt`.`creation_time`, `app_itemcourt`.`modification_time` FROM `app_itemcourt` WHERE `app_itemcourt`.`id` = 3 LIMIT 21; args=(3,); alias=default
(0.000) 
                SELECT VERSION(),
                       @@sql_mode,
                       @@default_storage_engine,
                       @@sql_auto_is_null,
                       @@lower_case_table_names,
                       CONVERT_TZ('2001-01-01 01:00:00', 'UTC', 'UTC') IS NOT NULL
            ; args=None; alias=default
(0.000) SET SESSION TRANSACTION ISOLATION LEVEL READ COMMITTED; args=None; alias=default
(0.000) SELECT `django_celery_results_taskresult`.`id`, `django_celery_results_taskresult`.`task_id`, `django_celery_results_taskresult`.`periodic_task_name`, `django_celery_results_taskresult`.`task_name`, `django_celery_results_taskresult`.`task_args`, `django_celery_results_taskresult`.`task_kwargs`, `django_celery_results_taskresult`.`status`, `django_celery_results_taskresult`.`worker`, `django_celery_results_taskresult`.`content_type`, `django_celery_results_taskresult`.`content_encoding`, `django_celery_results_taskresult`.`result`, `django_celery_results_taskresult`.`date_created`, `django_celery_results_taskresult`.`date_done`, `django_celery_results_taskresult`.`traceback`, `django_celery_results_taskresult`.`meta` FROM `django_celery_results_taskresult` WHERE `django_celery_results_taskresult`.`task_id` = '851ef2d9-af8a-4f21-b26e-4f7241491ae0' LIMIT 21; args=('851ef2d9-af8a-4f21-b26e-4f7241491ae0',); alias=default
(0.000) BEGIN; args=None; alias=default
(0.000) INSERT INTO `django_celery_results_taskresult` (`task_id`, `periodic_task_name`, `task_name`, `task_args`, `task_kwargs`, `status`, `worker`, `content_type`, `content_encoding`, `result`, `date_created`, `date_done`, `traceback`, `meta`) VALUES ('851ef2d9-af8a-4f21-b26e-4f7241491ae0', NULL, NULL, NULL, NULL, 'SUCCESS', NULL, 'application/json', 'utf-8', 'null', '2024-08-14 16:45:08.537452', '2024-08-14 16:45:08.537452', NULL, '{\"children\": []}'); args=['851ef2d9-af8a-4f21-b26e-4f7241491ae0', None, None, None, None, 'SUCCESS', None, 'application/json', 'utf-8', 'null', '2024-08-14 16:45:08.537452', '2024-08-14 16:45:08.537452', None, '{"children": []}']; alias=default
(0.000) COMMIT; args=None; alias=default
(0.000) SELECT `django_celery_results_taskresult`.`id`, `django_celery_results_taskresult`.`task_id`, `django_celery_results_taskresult`.`periodic_task_name`, `django_celery_results_taskresult`.`task_name`, `django_celery_results_taskresult`.`task_args`, `django_celery_results_taskresult`.`task_kwargs`, `django_celery_results_taskresult`.`status`, `django_celery_results_taskresult`.`worker`, `django_celery_results_taskresult`.`content_type`, `django_celery_results_taskresult`.`content_encoding`, `django_celery_results_taskresult`.`result`, `django_celery_results_taskresult`.`date_created`, `django_celery_results_taskresult`.`date_done`, `django_celery_results_taskresult`.`traceback`, `django_celery_results_taskresult`.`meta` FROM `django_celery_results_taskresult` WHERE `django_celery_results_taskresult`.`task_id` = 'f84ce0a5-fc4b-471c-9852-b2dc561aef98' LIMIT 21; args=('f84ce0a5-fc4b-471c-9852-b2dc561aef98',); alias=default
(0.000) BEGIN; args=None; alias=default
(0.000) INSERT INTO `django_celery_results_taskresult` (`task_id`, `periodic_task_name`, `task_name`, `task_args`, `task_kwargs`, `status`, `worker`, `content_type`, `content_encoding`, `result`, `date_created`, `date_done`, `traceback`, `meta`) VALUES ('f84ce0a5-fc4b-471c-9852-b2dc561aef98', NULL, NULL, NULL, NULL, 'SUCCESS', NULL, 'application/json', 'utf-8', 'null', '2024-08-14 16:45:09.771546', '2024-08-14 16:45:09.771546', NULL, '{\"children\": []}'); args=['f84ce0a5-fc4b-471c-9852-b2dc561aef98', None, None, None, None, 'SUCCESS', None, 'application/json', 'utf-8', 'null', '2024-08-14 16:45:09.771546', '2024-08-14 16:45:09.771546', None, '{"children": []}']; alias=default
(0.016) COMMIT; args=None; alias=default
(0.000) 
                SELECT VERSION(),
                       @@sql_mode,
                       @@default_storage_engine,
                       @@sql_auto_is_null,
                       @@lower_case_table_names,
                       CONVERT_TZ('2001-01-01 01:00:00', 'UTC', 'UTC') IS NOT NULL
            ; args=None; alias=default
(0.000) SET SESSION TRANSACTION ISOLATION LEVEL READ COMMITTED; args=None; alias=default
(0.000) SELECT `django_celery_results_taskresult`.`id`, `django_celery_results_taskresult`.`task_id`, `django_celery_results_taskresult`.`periodic_task_name`, `django_celery_results_taskresult`.`task_name`, `django_celery_results_taskresult`.`task_args`, `django_celery_results_taskresult`.`task_kwargs`, `django_celery_results_taskresult`.`status`, `django_celery_results_taskresult`.`worker`, `django_celery_results_taskresult`.`content_type`, `django_celery_results_taskresult`.`content_encoding`, `django_celery_results_taskresult`.`result`, `django_celery_results_taskresult`.`date_created`, `django_celery_results_taskresult`.`date_done`, `django_celery_results_taskresult`.`traceback`, `django_celery_results_taskresult`.`meta` FROM `django_celery_results_taskresult` WHERE `django_celery_results_taskresult`.`task_id` = 'e86d2db4-032a-4dc7-8a62-0da614da352c' LIMIT 21; args=('e86d2db4-032a-4dc7-8a62-0da614da352c',); alias=default
(0.000) BEGIN; args=None; alias=default
(0.000) INSERT INTO `django_celery_results_taskresult` (`task_id`, `periodic_task_name`, `task_name`, `task_args`, `task_kwargs`, `status`, `worker`, `content_type`, `content_encoding`, `result`, `date_created`, `date_done`, `traceback`, `meta`) VALUES ('e86d2db4-032a-4dc7-8a62-0da614da352c', NULL, NULL, NULL, NULL, 'SUCCESS', NULL, 'application/json', 'utf-8', 'null', '2024-08-14 16:45:10.660707', '2024-08-14 16:45:10.660707', NULL, '{\"children\": []}'); args=['e86d2db4-032a-4dc7-8a62-0da614da352c', None, None, None, None, 'SUCCESS', None, 'application/json', 'utf-8', 'null', '2024-08-14 16:45:10.660707', '2024-08-14 16:45:10.660707', None, '{"children": []}']; alias=default
(0.015) COMMIT; args=None; alias=default
(0.000) 
                SELECT VERSION(),
                       @@sql_mode,
                       @@default_storage_engine,
                       @@sql_auto_is_null,
                       @@lower_case_table_names,
                       CONVERT_TZ('2001-01-01 01:00:00', 'UTC', 'UTC') IS NOT NULL
            ; args=None; alias=default
(0.000) SET SESSION TRANSACTION ISOLATION LEVEL READ COMMITTED; args=None; alias=default
(0.000) SELECT `django_celery_results_taskresult`.`id`, `django_celery_results_taskresult`.`task_id`, `django_celery_results_taskresult`.`periodic_task_name`, `django_celery_results_taskresult`.`task_name`, `django_celery_results_taskresult`.`task_args`, `django_celery_results_taskresult`.`task_kwargs`, `django_celery_results_taskresult`.`status`, `django_celery_results_taskresult`.`worker`, `django_celery_results_taskresult`.`content_type`, `django_celery_results_taskresult`.`content_encoding`, `django_celery_results_taskresult`.`result`, `django_celery_results_taskresult`.`date_created`, `django_celery_results_taskresult`.`date_done`, `django_celery_results_taskresult`.`traceback`, `django_celery_results_taskresult`.`meta` FROM `django_celery_results_taskresult` WHERE `django_celery_results_taskresult`.`task_id` = 'c393ff35-be20-4c9f-86d2-e5f56fcb2cae' LIMIT 21; args=('c393ff35-be20-4c9f-86d2-e5f56fcb2cae',); alias=default
(0.000) BEGIN; args=None; alias=default
(0.000) INSERT INTO `django_celery_results_taskresult` (`task_id`, `periodic_task_name`, `task_name`, `task_args`, `task_kwargs`, `status`, `worker`, `content_type`, `content_encoding`, `result`, `date_created`, `date_done`, `traceback`, `meta`) VALUES ('c393ff35-be20-4c9f-86d2-e5f56fcb2cae', NULL, NULL, NULL, NULL, 'SUCCESS', NULL, 'application/json', 'utf-8', 'null', '2024-08-14 16:47:28.874247', '2024-08-14 16:47:28.874247', NULL, '{\"children\": []}'); args=['c393ff35-be20-4c9f-86d2-e5f56fcb2cae', None, None, None, None, 'SUCCESS', None, 'application/json', 'utf-8', 'null', '2024-08-14 16:47:28.874247', '2024-08-14 16:47:28.874247', None, '{"children": []}']; alias=default
(0.000) COMMIT; args=None; alias=default
(0.000) 
                SELECT VERSION(),
                       @@sql_mode,
                       @@default_storage_engine,
                       @@sql_auto_is_null,
                       @@lower_case_table_names,
                       CONVERT_TZ('2001-01-01 01:00:00', 'UTC', 'UTC') IS NOT NULL
            ; args=None; alias=default
(0.000) SET SESSION TRANSACTION ISOLATION LEVEL READ COMMITTED; args=None; alias=default
(0.000) SELECT `app_user`.`id`, `app_user`.`first_name`, `app_user`.`last_name`, `app_user`.`email`, `app_user`.`phone`, `app_user`.`username`, `app_user`.`password`, `app_user`.`creation_time`, `app_user`.`modification_time` FROM `app_user` WHERE `app_user`.`email` = 'j77shi@uwaterloo.ca' LIMIT 21; args=('j77shi@uwaterloo.ca',); alias=default
(0.000) SELECT `app_item`.`id`, `app_item`.`name`, `app_item`.`venue_id`, `app_item`.`creation_time`, `app_item`.`modification_time` FROM `app_item` WHERE `app_item`.`id` = 1 LIMIT 21; args=(1,); alias=default
(0.000) SELECT `app_venue`.`id`, `app_venue`.`name`, `app_venue`.`status`, `app_venue`.`creation_time`, `app_venue`.`modification_time` FROM `app_venue` WHERE `app_venue`.`id` = 1 LIMIT 21; args=(1,); alias=default
(0.000) SELECT `app_itemcourt`.`id`, `app_itemcourt`.`name`, `app_itemcourt`.`item_id`, `app_itemcourt`.`nature`, `app_itemcourt`.`creation_time`, `app_itemcourt`.`modification_time` FROM `app_itemcourt` WHERE (`app_itemcourt`.`item_id` = 1 AND `app_itemcourt`.`name` = 'Court 4') LIMIT 21; args=(1, 'Court 4'); alias=default
(0.000) SELECT `app_item`.`id`, `app_item`.`name`, `app_item`.`venue_id`, `app_item`.`creation_time`, `app_item`.`modification_time` FROM `app_item` WHERE `app_item`.`id` = 1 LIMIT 21; args=(1,); alias=default
(0.000) SELECT `app_itemtime`.`id`, `app_itemtime`.`item_court_id`, `app_itemtime`.`start_time`, `app_itemtime`.`end_time`, `app_itemtime`.`creation_time`, `app_itemtime`.`modification_time` FROM `app_itemtime` WHERE (`app_itemtime`.`end_time` = '15:00:00.000000' AND `app_itemtime`.`item_court_id` = 4 AND `app_itemtime`.`start_time` = '14:00:00.000000') LIMIT 21; args=('15:00:00.000000', 4, '14:00:00.000000'); alias=default
(0.000) SELECT `app_itemcourt`.`id`, `app_itemcourt`.`name`, `app_itemcourt`.`item_id`, `app_itemcourt`.`nature`, `app_itemcourt`.`creation_time`, `app_itemcourt`.`modification_time` FROM `app_itemcourt` WHERE `app_itemcourt`.`id` = 4 LIMIT 21; args=(4,); alias=default
(0.000) BEGIN; args=None; alias=default
(0.000) SELECT `app_itemorder`.`id`, `app_itemorder`.`item_time_id`, `app_itemorder`.`user_id`, `app_itemorder`.`money`, `app_itemorder`.`flag`, `app_itemorder`.`date`, `app_itemorder`.`status`, `app_itemorder`.`creation_time`, `app_itemorder`.`modification_time` FROM `app_itemorder` WHERE (`app_itemorder`.`date` = '2024-08-17' AND `app_itemorder`.`item_time_id` = 48) LIMIT 21 FOR UPDATE; args=('2024-08-17', 48); alias=default
(0.000) UPDATE `app_itemorder` SET `user_id` = 1, `money` = 30.00, `flag` = 1, `date` = '2024-08-17', `status` = 0, `creation_time` = '2024-08-13 03:29:18.736478', `modification_time` = '2024-08-14 16:47:56.392157' WHERE `app_itemorder`.`id` = 12091; args=(1, Decimal('30.00'), 1, '2024-08-17', False, '2024-08-13 03:29:18.736478', '2024-08-14 16:47:56.392157', 12091); alias=default
(0.000) COMMIT; args=None; alias=default
(0.000) SELECT `app_itemtime`.`id`, `app_itemtime`.`item_court_id`, `app_itemtime`.`start_time`, `app_itemtime`.`end_time`, `app_itemtime`.`creation_time`, `app_itemtime`.`modification_time` FROM `app_itemtime` WHERE `app_itemtime`.`id` = 48 LIMIT 21; args=(48,); alias=default
(0.000) SELECT `app_itemcourt`.`id`, `app_itemcourt`.`name`, `app_itemcourt`.`item_id`, `app_itemcourt`.`nature`, `app_itemcourt`.`creation_time`, `app_itemcourt`.`modification_time` FROM `app_itemcourt` WHERE `app_itemcourt`.`id` = 4 LIMIT 21; args=(4,); alias=default
(0.000) SELECT `app_item`.`id`, `app_item`.`name`, `app_item`.`venue_id`, `app_item`.`creation_time`, `app_item`.`modification_time` FROM `app_item` WHERE `app_item`.`id` = 1 LIMIT 21; args=(1,); alias=default
(0.000) SELECT `app_venue`.`id`, `app_venue`.`name`, `app_venue`.`status`, `app_venue`.`creation_time`, `app_venue`.`modification_time` FROM `app_venue` WHERE `app_venue`.`id` = 1 LIMIT 21; args=(1,); alias=default
(0.000) SELECT `app_itemcourt`.`id`, `app_itemcourt`.`name`, `app_itemcourt`.`item_id`, `app_itemcourt`.`nature`, `app_itemcourt`.`creation_time`, `app_itemcourt`.`modification_time` FROM `app_itemcourt` WHERE (`app_itemcourt`.`item_id` = 1 AND `app_itemcourt`.`name` = 'Court 4') LIMIT 21; args=(1, 'Court 4'); alias=default
(0.000) SELECT `app_item`.`id`, `app_item`.`name`, `app_item`.`venue_id`, `app_item`.`creation_time`, `app_item`.`modification_time` FROM `app_item` WHERE `app_item`.`id` = 1 LIMIT 21; args=(1,); alias=default
(0.000) SELECT `app_itemtime`.`id`, `app_itemtime`.`item_court_id`, `app_itemtime`.`start_time`, `app_itemtime`.`end_time`, `app_itemtime`.`creation_time`, `app_itemtime`.`modification_time` FROM `app_itemtime` WHERE (`app_itemtime`.`end_time` = '17:00:00.000000' AND `app_itemtime`.`item_court_id` = 4 AND `app_itemtime`.`start_time` = '16:00:00.000000') LIMIT 21; args=('17:00:00.000000', 4, '16:00:00.000000'); alias=default
(0.000) SELECT `app_itemcourt`.`id`, `app_itemcourt`.`name`, `app_itemcourt`.`item_id`, `app_itemcourt`.`nature`, `app_itemcourt`.`creation_time`, `app_itemcourt`.`modification_time` FROM `app_itemcourt` WHERE `app_itemcourt`.`id` = 4 LIMIT 21; args=(4,); alias=default
(0.000) BEGIN; args=None; alias=default
(0.000) SELECT `app_itemorder`.`id`, `app_itemorder`.`item_time_id`, `app_itemorder`.`user_id`, `app_itemorder`.`money`, `app_itemorder`.`flag`, `app_itemorder`.`date`, `app_itemorder`.`status`, `app_itemorder`.`creation_time`, `app_itemorder`.`modification_time` FROM `app_itemorder` WHERE (`app_itemorder`.`date` = '2024-08-17' AND `app_itemorder`.`item_time_id` = 50) LIMIT 21 FOR UPDATE; args=('2024-08-17', 50); alias=default
(0.000) UPDATE `app_itemorder` SET `user_id` = 1, `money` = 30.00, `flag` = 1, `date` = '2024-08-17', `status` = 0, `creation_time` = '2024-08-13 03:29:18.736478', `modification_time` = '2024-08-14 16:47:56.410747' WHERE `app_itemorder`.`id` = 12109; args=(1, Decimal('30.00'), 1, '2024-08-17', False, '2024-08-13 03:29:18.736478', '2024-08-14 16:47:56.410747', 12109); alias=default
(0.000) COMMIT; args=None; alias=default
(0.000) SELECT `app_itemtime`.`id`, `app_itemtime`.`item_court_id`, `app_itemtime`.`start_time`, `app_itemtime`.`end_time`, `app_itemtime`.`creation_time`, `app_itemtime`.`modification_time` FROM `app_itemtime` WHERE `app_itemtime`.`id` = 50 LIMIT 21; args=(50,); alias=default
(0.000) SELECT `app_itemcourt`.`id`, `app_itemcourt`.`name`, `app_itemcourt`.`item_id`, `app_itemcourt`.`nature`, `app_itemcourt`.`creation_time`, `app_itemcourt`.`modification_time` FROM `app_itemcourt` WHERE `app_itemcourt`.`id` = 4 LIMIT 21; args=(4,); alias=default
(0.000) 
                SELECT VERSION(),
                       @@sql_mode,
                       @@default_storage_engine,
                       @@sql_auto_is_null,
                       @@lower_case_table_names,
                       CONVERT_TZ('2001-01-01 01:00:00', 'UTC', 'UTC') IS NOT NULL
            ; args=None; alias=default
(0.000) SET SESSION TRANSACTION ISOLATION LEVEL READ COMMITTED; args=None; alias=default
(0.000) SELECT `django_celery_results_taskresult`.`id`, `django_celery_results_taskresult`.`task_id`, `django_celery_results_taskresult`.`periodic_task_name`, `django_celery_results_taskresult`.`task_name`, `django_celery_results_taskresult`.`task_args`, `django_celery_results_taskresult`.`task_kwargs`, `django_celery_results_taskresult`.`status`, `django_celery_results_taskresult`.`worker`, `django_celery_results_taskresult`.`content_type`, `django_celery_results_taskresult`.`content_encoding`, `django_celery_results_taskresult`.`result`, `django_celery_results_taskresult`.`date_created`, `django_celery_results_taskresult`.`date_done`, `django_celery_results_taskresult`.`traceback`, `django_celery_results_taskresult`.`meta` FROM `django_celery_results_taskresult` WHERE `django_celery_results_taskresult`.`task_id` = '709335b6-e13d-497c-9be9-bccd37f9c399' LIMIT 21; args=('709335b6-e13d-497c-9be9-bccd37f9c399',); alias=default
(0.000) BEGIN; args=None; alias=default
(0.000) INSERT INTO `django_celery_results_taskresult` (`task_id`, `periodic_task_name`, `task_name`, `task_args`, `task_kwargs`, `status`, `worker`, `content_type`, `content_encoding`, `result`, `date_created`, `date_done`, `traceback`, `meta`) VALUES ('709335b6-e13d-497c-9be9-bccd37f9c399', NULL, NULL, NULL, NULL, 'SUCCESS', NULL, 'application/json', 'utf-8', 'null', '2024-08-14 16:47:56.684898', '2024-08-14 16:47:56.684898', NULL, '{\"children\": []}'); args=['709335b6-e13d-497c-9be9-bccd37f9c399', None, None, None, None, 'SUCCESS', None, 'application/json', 'utf-8', 'null', '2024-08-14 16:47:56.684898', '2024-08-14 16:47:56.684898', None, '{"children": []}']; alias=default
(0.000) COMMIT; args=None; alias=default
(0.000) SELECT `django_celery_results_taskresult`.`id`, `django_celery_results_taskresult`.`task_id`, `django_celery_results_taskresult`.`periodic_task_name`, `django_celery_results_taskresult`.`task_name`, `django_celery_results_taskresult`.`task_args`, `django_celery_results_taskresult`.`task_kwargs`, `django_celery_results_taskresult`.`status`, `django_celery_results_taskresult`.`worker`, `django_celery_results_taskresult`.`content_type`, `django_celery_results_taskresult`.`content_encoding`, `django_celery_results_taskresult`.`result`, `django_celery_results_taskresult`.`date_created`, `django_celery_results_taskresult`.`date_done`, `django_celery_results_taskresult`.`traceback`, `django_celery_results_taskresult`.`meta` FROM `django_celery_results_taskresult` WHERE `django_celery_results_taskresult`.`task_id` = 'f0d556a3-6925-4c7a-843a-cc305bc2907b' LIMIT 21; args=('f0d556a3-6925-4c7a-843a-cc305bc2907b',); alias=default
(0.000) BEGIN; args=None; alias=default
(0.016) INSERT INTO `django_celery_results_taskresult` (`task_id`, `periodic_task_name`, `task_name`, `task_args`, `task_kwargs`, `status`, `worker`, `content_type`, `content_encoding`, `result`, `date_created`, `date_done`, `traceback`, `meta`) VALUES ('f0d556a3-6925-4c7a-843a-cc305bc2907b', NULL, NULL, NULL, NULL, 'SUCCESS', NULL, 'application/json', 'utf-8', 'null', '2024-08-14 16:47:57.679946', '2024-08-14 16:47:57.679946', NULL, '{\"children\": []}'); args=['f0d556a3-6925-4c7a-843a-cc305bc2907b', None, None, None, None, 'SUCCESS', None, 'application/json', 'utf-8', 'null', '2024-08-14 16:47:57.679946', '2024-08-14 16:47:57.679946', None, '{"children": []}']; alias=default
(0.000) COMMIT; args=None; alias=default
